==========start=======
h -> [time.struct_time(tm_year=2018, tm_mon=10, tm_mday=19, tm_hour=20, tm_min=23, tm_sec=56, tm_wday=4, tm_yday=292, tm_isdst=0) - -2.0021443367004395 - 1]
h -> [time.struct_time(tm_year=2018, tm_mon=10, tm_mday=19, tm_hour=20, tm_min=24, tm_sec=0, tm_wday=4, tm_yday=292, tm_isdst=0) - -1.0004684925079346 - 2]
h -> [time.struct_time(tm_year=2018, tm_mon=10, tm_mday=19, tm_hour=20, tm_min=24, tm_sec=1, tm_wday=4, tm_yday=292, tm_isdst=0) - -2.0019078254699707 - 3]
h -> [time.struct_time(tm_year=2018, tm_mon=10, tm_mday=19, tm_hour=20, tm_min=24, tm_sec=3, tm_wday=4, tm_yday=292, tm_isdst=0) - -1.000399112701416 - 4]
h -> [time.struct_time(tm_year=2018, tm_mon=10, tm_mday=19, tm_hour=20, tm_min=24, tm_sec=5, tm_wday=4, tm_yday=292, tm_isdst=0) - -2.0017240047454834 - 5]
h -> [time.struct_time(tm_year=2018, tm_mon=10, tm_mday=19, tm_hour=20, tm_min=24, tm_sec=7, tm_wday=4, tm_yday=292, tm_isdst=0) - -2.002140760421753 - 6]
h -> [time.struct_time(tm_year=2018, tm_mon=10, tm_mday=19, tm_hour=20, tm_min=24, tm_sec=10, tm_wday=4, tm_yday=292, tm_isdst=0) - -2.001864433288574 - 7]
h -> [time.struct_time(tm_year=2018, tm_mon=10, tm_mday=19, tm_hour=20, tm_min=24, tm_sec=12, tm_wday=4, tm_yday=292, tm_isdst=0) - -0.00010657310485839844 - 8]
h -> [time.struct_time(tm_year=2018, tm_mon=10, tm_mday=19, tm_hour=20, tm_min=24, tm_sec=14, tm_wday=4, tm_yday=292, tm_isdst=0) - -0.00010275840759277344 - 9]
h -> [time.struct_time(tm_year=2018, tm_mon=10, tm_mday=19, tm_hour=20, tm_min=24, tm_sec=15, tm_wday=4, tm_yday=292, tm_isdst=0) - -2.002300262451172 - 10]
h -> [time.struct_time(tm_year=2018, tm_mon=10, tm_mday=19, tm_hour=20, tm_min=24, tm_sec=18, tm_wday=4, tm_yday=292, tm_isdst=0) - -0.00011873245239257812 - 11]
h -> [time.struct_time(tm_year=2018, tm_mon=10, tm_mday=19, tm_hour=20, tm_min=24, tm_sec=28, tm_wday=4, tm_yday=292, tm_isdst=0) - -1.0011463165283203 - 12]
h -> [time.struct_time(tm_year=2018, tm_mon=10, tm_mday=19, tm_hour=20, tm_min=24, tm_sec=31, tm_wday=4, tm_yday=292, tm_isdst=0) - -1.0012195110321045 - 13]
h -> [time.struct_time(tm_year=2018, tm_mon=10, tm_mday=19, tm_hour=20, tm_min=24, tm_sec=32, tm_wday=4, tm_yday=292, tm_isdst=0) - -2.0010921955108643 - 14]
h -> [time.struct_time(tm_year=2018, tm_mon=10, tm_mday=19, tm_hour=20, tm_min=24, tm_sec=34, tm_wday=4, tm_yday=292, tm_isdst=0) - -2.1457672119140625e-05 - 15]
h -> [time.struct_time(tm_year=2018, tm_mon=10, tm_mday=19, tm_hour=20, tm_min=24, tm_sec=34, tm_wday=4, tm_yday=292, tm_isdst=0) - -1.0011036396026611 - 16]
h -> [time.struct_time(tm_year=2018, tm_mon=10, tm_mday=19, tm_hour=20, tm_min=24, tm_sec=37, tm_wday=4, tm_yday=292, tm_isdst=0) - -6.318092346191406e-05 - 17]
h -> [time.struct_time(tm_year=2018, tm_mon=10, tm_mday=19, tm_hour=20, tm_min=24, tm_sec=42, tm_wday=4, tm_yday=292, tm_isdst=0) - -0.0001552104949951172 - 18]
h -> [time.struct_time(tm_year=2018, tm_mon=10, tm_mday=19, tm_hour=20, tm_min=24, tm_sec=44, tm_wday=4, tm_yday=292, tm_isdst=0) - -2.0022335052490234 - 19]
h -> [time.struct_time(tm_year=2018, tm_mon=10, tm_mday=19, tm_hour=20, tm_min=24, tm_sec=46, tm_wday=4, tm_yday=292, tm_isdst=0) - -1.001164197921753 - 20]
==========start=======
==========start=======
h -> [10/19/18 - -2.002173662185669 - 1]
h -> [10/19/18 - -1.0012292861938477 - 2]
h -> [10/19/18 - -1.0012052059173584 - 3]
h -> [10/19/18 - -1.0005683898925781 - 4]
h -> [10/19/18 - -2.0017993450164795 - 5]
h -> [10/19/18 - -5.1975250244140625e-05 - 6]
h -> [10/19/18 - -1.0011799335479736 - 7]
h -> [10/19/18 - -8.559226989746094e-05 - 8]
h -> [10/19/18 - -1.0009765625 - 9]
h -> [10/19/18 - -0.0007994174957275391 - 10]
h -> [10/19/18 - -2.0020499229431152 - 11]
h -> [10/19/18 - -1.0013020038604736 - 12]
h -> [10/19/18 - -8.487701416015625e-05 - 13]
h -> [10/19/18 - -1.0012307167053223 - 14]
