==========start=======
g -> [time.struct_time(tm_year=2018, tm_mon=10, tm_mday=19, tm_hour=20, tm_min=23, tm_sec=58, tm_wday=4, tm_yday=292, tm_isdst=0) - -2.000300168991089 - 1]
g -> [time.struct_time(tm_year=2018, tm_mon=10, tm_mday=19, tm_hour=20, tm_min=24, tm_sec=1, tm_wday=4, tm_yday=292, tm_isdst=0) - -8.130073547363281e-05 - 2]
g -> [time.struct_time(tm_year=2018, tm_mon=10, tm_mday=19, tm_hour=20, tm_min=24, tm_sec=1, tm_wday=4, tm_yday=292, tm_isdst=0) - -4.935264587402344e-05 - 3]
g -> [time.struct_time(tm_year=2018, tm_mon=10, tm_mday=19, tm_hour=20, tm_min=24, tm_sec=4, tm_wday=4, tm_yday=292, tm_isdst=0) - -1.0013556480407715 - 4]
g -> [time.struct_time(tm_year=2018, tm_mon=10, tm_mday=19, tm_hour=20, tm_min=24, tm_sec=9, tm_wday=4, tm_yday=292, tm_isdst=0) - -1.0011751651763916 - 5]
g -> [time.struct_time(tm_year=2018, tm_mon=10, tm_mday=19, tm_hour=20, tm_min=24, tm_sec=12, tm_wday=4, tm_yday=292, tm_isdst=0) - -2.000675916671753 - 6]
f -> [time.struct_time(tm_year=2018, tm_mon=10, tm_mday=19, tm_hour=20, tm_min=24, tm_sec=14, tm_wday=4, tm_yday=292, tm_isdst=0) - -5.555152893066406e-05 - 1]
g -> [time.struct_time(tm_year=2018, tm_mon=10, tm_mday=19, tm_hour=20, tm_min=24, tm_sec=14, tm_wday=4, tm_yday=292, tm_isdst=0) - -1.0012164115905762 - 7]
f -> [time.struct_time(tm_year=2018, tm_mon=10, tm_mday=19, tm_hour=20, tm_min=24, tm_sec=17, tm_wday=4, tm_yday=292, tm_isdst=0) - -1.001115083694458 - 2]
g -> [time.struct_time(tm_year=2018, tm_mon=10, tm_mday=19, tm_hour=20, tm_min=24, tm_sec=18, tm_wday=4, tm_yday=292, tm_isdst=0) - -2.002269983291626 - 8]
f -> [time.struct_time(tm_year=2018, tm_mon=10, tm_mday=19, tm_hour=20, tm_min=24, tm_sec=20, tm_wday=4, tm_yday=292, tm_isdst=0) - -1.00136399269104 - 3]
g -> [time.struct_time(tm_year=2018, tm_mon=10, tm_mday=19, tm_hour=20, tm_min=24, tm_sec=21, tm_wday=4, tm_yday=292, tm_isdst=0) - -2.001035690307617 - 9]
g -> [time.struct_time(tm_year=2018, tm_mon=10, tm_mday=19, tm_hour=20, tm_min=24, tm_sec=23, tm_wday=4, tm_yday=292, tm_isdst=0) - -2.0020530223846436 - 10]
g -> [time.struct_time(tm_year=2018, tm_mon=10, tm_mday=19, tm_hour=20, tm_min=24, tm_sec=25, tm_wday=4, tm_yday=292, tm_isdst=0) - -1.0006937980651855 - 11]
g -> [time.struct_time(tm_year=2018, tm_mon=10, tm_mday=19, tm_hour=20, tm_min=24, tm_sec=26, tm_wday=4, tm_yday=292, tm_isdst=0) - -2.0008437633514404 - 12]
g -> [time.struct_time(tm_year=2018, tm_mon=10, tm_mday=19, tm_hour=20, tm_min=24, tm_sec=29, tm_wday=4, tm_yday=292, tm_isdst=0) - -1.0011799335479736 - 13]
g -> [time.struct_time(tm_year=2018, tm_mon=10, tm_mday=19, tm_hour=20, tm_min=24, tm_sec=30, tm_wday=4, tm_yday=292, tm_isdst=0) - -1.001136302947998 - 14]
g -> [time.struct_time(tm_year=2018, tm_mon=10, tm_mday=19, tm_hour=20, tm_min=24, tm_sec=34, tm_wday=4, tm_yday=292, tm_isdst=0) - -3.504753112792969e-05 - 15]
f -> [time.struct_time(tm_year=2018, tm_mon=10, tm_mday=19, tm_hour=20, tm_min=24, tm_sec=34, tm_wday=4, tm_yday=292, tm_isdst=0) - -1.4781951904296875e-05 - 4]
g -> [time.struct_time(tm_year=2018, tm_mon=10, tm_mday=19, tm_hour=20, tm_min=24, tm_sec=34, tm_wday=4, tm_yday=292, tm_isdst=0) - -1.33514404296875e-05 - 16]
f -> [time.struct_time(tm_year=2018, tm_mon=10, tm_mday=19, tm_hour=20, tm_min=24, tm_sec=35, tm_wday=4, tm_yday=292, tm_isdst=0) - -0.00012969970703125 - 5]
g -> [time.struct_time(tm_year=2018, tm_mon=10, tm_mday=19, tm_hour=20, tm_min=24, tm_sec=35, tm_wday=4, tm_yday=292, tm_isdst=0) - -9.822845458984375e-05 - 17]
g -> [time.struct_time(tm_year=2018, tm_mon=10, tm_mday=19, tm_hour=20, tm_min=24, tm_sec=35, tm_wday=4, tm_yday=292, tm_isdst=0) - -2.002126693725586 - 18]
g -> [time.struct_time(tm_year=2018, tm_mon=10, tm_mday=19, tm_hour=20, tm_min=24, tm_sec=37, tm_wday=4, tm_yday=292, tm_isdst=0) - -4.57763671875e-05 - 19]
f -> [time.struct_time(tm_year=2018, tm_mon=10, tm_mday=19, tm_hour=20, tm_min=24, tm_sec=37, tm_wday=4, tm_yday=292, tm_isdst=0) - -1.0011711120605469 - 6]
g -> [time.struct_time(tm_year=2018, tm_mon=10, tm_mday=19, tm_hour=20, tm_min=24, tm_sec=38, tm_wday=4, tm_yday=292, tm_isdst=0) - -2.000777006149292 - 20]
g -> [time.struct_time(tm_year=2018, tm_mon=10, tm_mday=19, tm_hour=20, tm_min=24, tm_sec=40, tm_wday=4, tm_yday=292, tm_isdst=0) - -2.0023562908172607 - 21]
g -> [time.struct_time(tm_year=2018, tm_mon=10, tm_mday=19, tm_hour=20, tm_min=24, tm_sec=42, tm_wday=4, tm_yday=292, tm_isdst=0) - -2.0016002655029297 - 22]
f -> [time.struct_time(tm_year=2018, tm_mon=10, tm_mday=19, tm_hour=20, tm_min=24, tm_sec=47, tm_wday=4, tm_yday=292, tm_isdst=0) - -2.0022032260894775 - 7]
f -> [time.struct_time(tm_year=2018, tm_mon=10, tm_mday=19, tm_hour=20, tm_min=24, tm_sec=49, tm_wday=4, tm_yday=292, tm_isdst=0) - -9.202957153320312e-05 - 8]
==========start=======
==========start=======
g -> [10/19/18 - -1.0006790161132812 - 1]
g -> [10/19/18 - -2.00240421295166 - 2]
f -> [10/19/18 - -2.0005011558532715 - 1]
f -> [10/19/18 - -8.916854858398438e-05 - 2]
f -> [10/19/18 - -1.0004589557647705 - 3]
g -> [10/19/18 - -1.0013160705566406 - 3]
f -> [10/19/18 - -1.0012671947479248 - 4]
g -> [10/19/18 - -2.0022175312042236 - 4]
g -> [10/19/18 - -1.0012099742889404 - 5]
f -> [10/19/18 - -1.001258134841919 - 5]
g -> [10/19/18 - -0.00010466575622558594 - 6]
f -> [10/19/18 - -0.00013780593872070312 - 6]
g -> [10/19/18 - -2.0009219646453857 - 7]
f -> [10/19/18 - -6.842613220214844e-05 - 7]
g -> [10/19/18 - -6.4849853515625e-05 - 8]
f -> [10/19/18 - -5.8650970458984375e-05 - 8]
g -> [10/19/18 - -3.600120544433594e-05 - 9]
g -> [10/19/18 - -1.001194953918457 - 10]
f -> [10/19/18 - -2.0006794929504395 - 9]
g -> [10/19/18 - -1.0016560554504395 - 11]
f -> [10/19/18 - -1.0012059211730957 - 10]
f -> [10/19/18 - -2.0013179779052734 - 11]
f -> [10/19/18 - -1.0011870861053467 - 12]
g -> [10/19/18 - -6.723403930664062e-05 - 12]
f -> [10/19/18 - -5.459785461425781e-05 - 13]
g -> [10/19/18 - -2.0021259784698486 - 13]
g -> [10/19/18 - -0.00011658668518066406 - 14]
f -> [10/19/18 - -1.0011718273162842 - 14]
f -> [10/19/18 - -2.002128839492798 - 15]
f -> [10/19/18 - -0.00011801719665527344 - 16]
g -> [10/19/18 - -2.000627040863037 - 15]
g -> [10/19/18 - -0.00012993812561035156 - 16]
f -> [10/19/18 - -2.002293109893799 - 17]
g -> [10/19/18 - -2.0022382736206055 - 17]
f -> [10/19/18 - -1.0007514953613281 - 18]
f -> [10/19/18 - -1.0012612342834473 - 19]
